<?xml version="1.0" encoding="UTF-8"?>
<!-- Generated by org.testng.reporters.JUnitReportReporter -->
<testsuite skipped="0" hostname="MoneyPC" name="com.TestngConcepts.com.SignUpLinkTest" tests="1" failures="0" timestamp="13 Jul 2020 18:29:18 GMT" time="0.864" errors="0">
  <testcase name="verifySignUpIsDisplayed" time="0.864" classname="com.TestngConcepts.com.SignUpLinkTest"/>
</testsuite> <!-- com.TestngConcepts.com.SignUpLinkTest -->
