<?xml version="1.0" encoding="UTF-8"?>
<!-- Generated by org.testng.reporters.JUnitReportReporter -->
<testsuite skipped="0" hostname="MoneyPC" name="com.TestngConcepts.com.LogInTestUsingparametersConcept" tests="1" failures="0" timestamp="13 Jul 2020 18:29:18 GMT" time="1.565" errors="0">
  <testcase name="enterLoginDetails" time="1.565" classname="com.TestngConcepts.com.LogInTestUsingparametersConcept"/>
</testsuite> <!-- com.TestngConcepts.com.LogInTestUsingparametersConcept -->
