<?xml version="1.0" encoding="UTF-8"?>
<!-- Generated by org.testng.reporters.JUnitReportReporter -->
<testsuite skipped="0" hostname="MoneyPC" name="com.TestngConcepts.com.checkTitle" tests="1" failures="0" timestamp="10 Jul 2020 18:18:33 GMT" time="0.054" errors="0">
  <testcase name="checkTitle" time="0.054" classname="com.TestngConcepts.com.checkTitle"/>
</testsuite> <!-- com.TestngConcepts.com.checkTitle -->
