<?xml version="1.0" encoding="UTF-8"?>
<!-- Generated by org.testng.reporters.JUnitReportReporter -->
<testsuite skipped="0" hostname="MoneyPC" name="com.TestngConcepts.com.DashboardisPresent" tests="2" failures="0" timestamp="13 Jul 2020 18:29:18 GMT" time="4.018" errors="0">
  <testcase name="checkDashboardIsPresent" time="1.932" classname="com.TestngConcepts.com.DashboardisPresent"/>
  <testcase name="enterLoginDetails" time="2.086" classname="com.TestngConcepts.com.DashboardisPresent"/>
</testsuite> <!-- com.TestngConcepts.com.DashboardisPresent -->
